<?xml version="1.0" encoding="UTF-8"?>
<!-- Generated by org.testng.reporters.JUnitXMLReporter -->
<testsuite hostname="JIM-TI8227" name="ft" tests="4" failures="1" timestamp="24 Oct 2015 18:08:16 GMT" time="77.953" errors="0">
  <testcase name="valid_login" time="19.274" classname="TestCases.LoginTestcase"/>
  <testcase name="Valid_bookSearch" time="17.171" classname="TestCases.BookSearch_TestCase"/>
  <testcase name="Valid_bookSearch" time="22.028" classname="TestCases.BookSearch_TestCase"/>
  <testcase name="Valid_bookSearch" time="18.339" classname="TestCases.BookSearch_TestCase">
    <failure type="java.lang.AssertionError" message="null">
      <![CDATA[java.lang.AssertionError: null
	at TestCases.BookSearch_TestCase.Valid_bookSearch(BookSearch_TestCase.java:30)
... Removed 26 stack frames]]>
    </failure>
  </testcase> <!-- Valid_bookSearch -->
</testsuite> <!-- ft -->
