<?xml version="1.0" encoding="UTF-8"?>
<!-- Generated by org.testng.reporters.JUnitXMLReporter -->
<testsuite hostname="JIM-TI8227" name="CompleteTest" tests="11" failures="1" timestamp="25 Oct 2015 03:19:24 GMT" time="228.11" errors="0">
  <testcase name="Invalid_login" time="18.661" classname="TestCases.LoginTestcase"/>
  <testcase name="Invalid_login" time="19.536" classname="TestCases.LoginTestcase"/>
  <testcase name="Invalid_login" time="17.379" classname="TestCases.LoginTestcase"/>
  <testcase name="Invalid_login" time="18.441" classname="TestCases.LoginTestcase"/>
  <testcase name="Invalid_login" time="13.824" classname="TestCases.LoginTestcase"/>
  <testcase name="Invalid_login" time="18.096" classname="TestCases.LoginTestcase"/>
  <testcase name="valid_login" time="32.125" classname="TestCases.LoginTestcase"/>
  <testcase name="Valid_bookSearch" time="17.921" classname="TestCases.BookSearch_TestCase"/>
  <testcase name="Valid_bookSearch" time="16.089" classname="TestCases.BookSearch_TestCase"/>
  <testcase name="Valid_bookSearch" time="18.74" classname="TestCases.BookSearch_TestCase">
    <failure type="java.lang.AssertionError" message="null">
      <![CDATA[java.lang.AssertionError: null
	at TestCases.BookSearch_TestCase.Valid_bookSearch(BookSearch_TestCase.java:30)
... Removed 26 stack frames]]>
    </failure>
  </testcase> <!-- Valid_bookSearch -->
  <testcase name="deleteTocart" time="35.379" classname="TestCases.BookCart_TestCase"/>
</testsuite> <!-- CompleteTest -->
