<html>
<head>
<title>TestNG:  CompleteTest</title>
<link href="../testng.css" rel="stylesheet" type="text/css" />
<link href="../my-testng.css" rel="stylesheet" type="text/css" />

<style type="text/css">
.log { display: none;} 
.stack-trace { display: none;} 
</style>
<script type="text/javascript">
<!--
function flip(e) {
  current = e.style.display;
  if (current == 'block') {
    e.style.display = 'none';
    return 0;
  }
  else {
    e.style.display = 'block';
    return 1;
  }
}

function toggleBox(szDivId, elem, msg1, msg2)
{
  var res = -1;  if (document.getElementById) {
    res = flip(document.getElementById(szDivId));
  }
  else if (document.all) {
    // this is the way old msie versions work
    res = flip(document.all[szDivId]);
  }
  if(elem) {
    if(res == 0) elem.innerHTML = msg1; else elem.innerHTML = msg2;
  }

}

function toggleAllBoxes() {
  if (document.getElementsByTagName) {
    d = document.getElementsByTagName('div');
    for (i = 0; i < d.length; i++) {
      if (d[i].className == 'log') {
        flip(d[i]);
      }
    }
  }
}

// -->
</script>

</head>
<body>
<h2 align='center'>CompleteTest</h2><table border='1' align="center">
<tr>
<td>Tests passed/Failed/Skipped:</td><td>10/1/0</td>
</tr><tr>
<td>Started on:</td><td>Sun Oct 25 08:45:36 IST 2015</td>
</tr>
<tr><td>Total time:</td><td>228 seconds (228110 ms)</td>
</tr><tr>
<td>Included groups:</td><td></td>
</tr><tr>
<td>Excluded groups:</td><td></td>
</tr>
</table><p/>
<small><i>(Hover the method name to see the test class name)</i></small><p/>
<table width='100%' border='1' class='invocation-failed'>
<tr><td colspan='4' align='center'><b>FAILED TESTS</b></td></tr>
<tr><td><b>Test method</b></td>
<td width="30%"><b>Exception</b></td>
<td width="10%"><b>Time (seconds)</b></td>
<td><b>Instance</b></td>
</tr>
<tr>
<td title='TestCases.BookSearch_TestCase.Valid_bookSearch()'><b>Valid_bookSearch</b><br>Test class: TestCases.BookSearch_TestCase<br>Parameters: GB_10, Ways, 495.0</td>
<td><div><pre>java.lang.AssertionError: null
	at TestCases.BookSearch_TestCase.Valid_bookSearch(BookSearch_TestCase.java:30)
... Removed 26 stack frames</pre></div><a href='#' onClick='toggleBox("stack-trace1478583", this, "Click to show all stack frames", "Click to hide stack frames")'>Click to show all stack frames</a>
<div class='stack-trace' id='stack-trace1478583'><pre>java.lang.AssertionError: null
	at org.testng.Assert.fail(Assert.java:94)
	at org.testng.Assert.fail(Assert.java:101)
	at TestCases.BookSearch_TestCase.Valid_bookSearch(BookSearch_TestCase.java:30)
	at sun.reflect.NativeMethodAccessorImpl.invoke0(Native Method)
	at sun.reflect.NativeMethodAccessorImpl.invoke(Unknown Source)
	at sun.reflect.DelegatingMethodAccessorImpl.invoke(Unknown Source)
	at java.lang.reflect.Method.invoke(Unknown Source)
	at org.testng.internal.MethodInvocationHelper.invokeMethod(MethodInvocationHelper.java:85)
	at org.testng.internal.Invoker.invokeMethod(Invoker.java:648)
	at org.testng.internal.Invoker.invokeTestMethod(Invoker.java:834)
	at org.testng.internal.Invoker.invokeTestMethods(Invoker.java:1142)
	at org.testng.internal.TestMethodWorker.invokeTestMethods(TestMethodWorker.java:124)
	at org.testng.internal.TestMethodWorker.run(TestMethodWorker.java:108)
	at org.testng.TestRunner.privateRun(TestRunner.java:771)
	at org.testng.TestRunner.run(TestRunner.java:621)
	at org.testng.SuiteRunner.runTest(SuiteRunner.java:357)
	at org.testng.SuiteRunner.runSequentially(SuiteRunner.java:352)
	at org.testng.SuiteRunner.privateRun(SuiteRunner.java:310)
	at org.testng.SuiteRunner.run(SuiteRunner.java:259)
	at org.testng.SuiteRunnerWorker.runSuite(SuiteRunnerWorker.java:52)
	at org.testng.SuiteRunnerWorker.run(SuiteRunnerWorker.java:86)
	at org.testng.TestNG.runSuitesSequentially(TestNG.java:1176)
	at org.testng.TestNG.runSuitesLocally(TestNG.java:1101)
	at org.testng.TestNG.run(TestNG.java:1009)
	at org.testng.remote.RemoteTestNG.run(RemoteTestNG.java:111)
	at org.testng.remote.RemoteTestNG.initAndRun(RemoteTestNG.java:204)
	at org.testng.remote.RemoteTestNG.main(RemoteTestNG.java:175)
</pre></div></td>
<td>18</td>
<td>TestCases.BookSearch_TestCase@1a80a2d</td></tr>
</table><p>
<table width='100%' border='1' class='invocation-passed'>
<tr><td colspan='4' align='center'><b>PASSED TESTS</b></td></tr>
<tr><td><b>Test method</b></td>
<td width="30%"><b>Exception</b></td>
<td width="10%"><b>Time (seconds)</b></td>
<td><b>Instance</b></td>
</tr>
<tr>
<td title='TestCases.LoginTestcase.Invalid_login()'><b>Invalid_login</b><br>Test class: TestCases.LoginTestcase<br>Parameters: GB_01, Raje, hjkh, Sorry we were unable to complete this step because :</td>
<td></td>
<td>18</td>
<td>TestCases.LoginTestcase@65a686</td></tr>
<tr>
<td title='TestCases.LoginTestcase.Invalid_login()'><b>Invalid_login</b><br>Test class: TestCases.LoginTestcase<br>Parameters: GB_02, sfag, avioto, Sorry we were unable to complete this step because :</td>
<td></td>
<td>19</td>
<td>TestCases.LoginTestcase@65a686</td></tr>
<tr>
<td title='TestCases.LoginTestcase.Invalid_login()'><b>Invalid_login</b><br>Test class: TestCases.LoginTestcase<br>Parameters: GB_03, fg, , Sorry we were unable to complete this step because :</td>
<td></td>
<td>17</td>
<td>TestCases.LoginTestcase@65a686</td></tr>
<tr>
<td title='TestCases.LoginTestcase.Invalid_login()'><b>Invalid_login</b><br>Test class: TestCases.LoginTestcase<br>Parameters: GB_04, , hjkh, Sorry we were unable to complete this step because :</td>
<td></td>
<td>18</td>
<td>TestCases.LoginTestcase@65a686</td></tr>
<tr>
<td title='TestCases.LoginTestcase.Invalid_login()'><b>Invalid_login</b><br>Test class: TestCases.LoginTestcase<br>Parameters: GB_05, , , Sorry we were unable to complete this step because :</td>
<td></td>
<td>13</td>
<td>TestCases.LoginTestcase@65a686</td></tr>
<tr>
<td title='TestCases.LoginTestcase.Invalid_login()'><b>Invalid_login</b><br>Test class: TestCases.LoginTestcase<br>Parameters: GB_06, rsj, jhj, Sorry we were unable to complete this step because :</td>
<td></td>
<td>18</td>
<td>TestCases.LoginTestcase@65a686</td></tr>
<tr>
<td title='TestCases.BookSearch_TestCase.Valid_bookSearch()'><b>Valid_bookSearch</b><br>Test class: TestCases.BookSearch_TestCase<br>Parameters: GB_08, Chandler, 415.0</td>
<td></td>
<td>17</td>
<td>TestCases.BookSearch_TestCase@1a80a2d</td></tr>
<tr>
<td title='TestCases.BookSearch_TestCase.Valid_bookSearch()'><b>Valid_bookSearch</b><br>Test class: TestCases.BookSearch_TestCase<br>Parameters: GB_09, Jaico, 4.0</td>
<td></td>
<td>16</td>
<td>TestCases.BookSearch_TestCase@1a80a2d</td></tr>
<tr>
<td title='TestCases.BookCart_TestCase.deleteTocart()'><b>deleteTocart</b><br>Test class: TestCases.BookCart_TestCase<br>Parameters: GB_15, qtpworld2008@gmail.com, learn123, Flood and Fire, 1.0, Your shopping cart is empty.</td>
<td></td>
<td>35</td>
<td>TestCases.BookCart_TestCase@1342097</td></tr>
<tr>
<td title='TestCases.LoginTestcase.valid_login()'><b>valid_login</b><br>Test class: TestCases.LoginTestcase<br>Parameters: GB_07, qtpworld2008@gmail.com, learn123, qtpworld2008 g</td>
<td></td>
<td>32</td>
<td>TestCases.LoginTestcase@65a686</td></tr>
</table><p>
</body>
</html>